Determining if the pthread_create exist failed with the following output:
Change Dir: /home/wangzhongju/workspace/wzj/img_algorithm/GMM/build/CMakeFiles/CMakeTmp

Run Build Command:"/home/wangzhongju/workspace/anaconda3/envs/pytorch-cuda10/bin/make" "cmTC_1fc25/fast"
/home/wangzhongju/workspace/anaconda3/envs/pytorch-cuda10/bin/make -f CMakeFiles/cmTC_1fc25.dir/build.make CMakeFiles/cmTC_1fc25.dir/build
make[1]: Entering directory '/home/wangzhongju/workspace/wzj/img_algorithm/GMM/build/CMakeFiles/CMakeTmp'
Building C object CMakeFiles/cmTC_1fc25.dir/CheckSymbolExists.c.o
/usr/bin/cc   -fPIC    -o CMakeFiles/cmTC_1fc25.dir/CheckSymbolExists.c.o   -c /home/wangzhongju/workspace/wzj/img_algorithm/GMM/build/CMakeFiles/CMakeTmp/CheckSymbolExists.c
Linking C executable cmTC_1fc25
/usr/local/bin/cmake -E cmake_link_script CMakeFiles/cmTC_1fc25.dir/link.txt --verbose=1
/usr/bin/cc -fPIC     -rdynamic CMakeFiles/cmTC_1fc25.dir/CheckSymbolExists.c.o  -o cmTC_1fc25 
CMakeFiles/cmTC_1fc25.dir/CheckSymbolExists.c.o: In function `main':
CheckSymbolExists.c:(.text+0x1b): undefined reference to `pthread_create'
collect2: error: ld returned 1 exit status
make[1]: *** [CMakeFiles/cmTC_1fc25.dir/build.make:87: cmTC_1fc25] Error 1
make[1]: Leaving directory '/home/wangzhongju/workspace/wzj/img_algorithm/GMM/build/CMakeFiles/CMakeTmp'
make: *** [Makefile:121: cmTC_1fc25/fast] Error 2

File /home/wangzhongju/workspace/wzj/img_algorithm/GMM/build/CMakeFiles/CMakeTmp/CheckSymbolExists.c:
/* */
#include <pthread.h>

int main(int argc, char** argv)
{
  (void)argv;
#ifndef pthread_create
  return ((int*)(&pthread_create))[argc];
#else
  (void)argc;
  return 0;
#endif
}

Determining if the function pthread_create exists in the pthreads failed with the following output:
Change Dir: /home/wangzhongju/workspace/wzj/img_algorithm/GMM/build/CMakeFiles/CMakeTmp

Run Build Command:"/home/wangzhongju/workspace/anaconda3/envs/pytorch-cuda10/bin/make" "cmTC_a2b76/fast"
/home/wangzhongju/workspace/anaconda3/envs/pytorch-cuda10/bin/make -f CMakeFiles/cmTC_a2b76.dir/build.make CMakeFiles/cmTC_a2b76.dir/build
make[1]: Entering directory '/home/wangzhongju/workspace/wzj/img_algorithm/GMM/build/CMakeFiles/CMakeTmp'
Building C object CMakeFiles/cmTC_a2b76.dir/CheckFunctionExists.c.o
/usr/bin/cc   -fPIC -DCHECK_FUNCTION_EXISTS=pthread_create   -o CMakeFiles/cmTC_a2b76.dir/CheckFunctionExists.c.o   -c /usr/local/share/cmake-3.12/Modules/CheckFunctionExists.c
Linking C executable cmTC_a2b76
/usr/local/bin/cmake -E cmake_link_script CMakeFiles/cmTC_a2b76.dir/link.txt --verbose=1
/usr/bin/cc -fPIC -DCHECK_FUNCTION_EXISTS=pthread_create    -rdynamic CMakeFiles/cmTC_a2b76.dir/CheckFunctionExists.c.o  -o cmTC_a2b76 -lpthreads 
/usr/bin/ld: cannot find -lpthreads
collect2: error: ld returned 1 exit status
make[1]: *** [CMakeFiles/cmTC_a2b76.dir/build.make:87: cmTC_a2b76] Error 1
make[1]: Leaving directory '/home/wangzhongju/workspace/wzj/img_algorithm/GMM/build/CMakeFiles/CMakeTmp'
make: *** [Makefile:121: cmTC_a2b76/fast] Error 2


